<?xml version="1.0" encoding="UTF-8"?>
<testng-results ignored="0" total="1" passed="1" failed="0" skipped="0">
  <reporter-output>
  </reporter-output>
  <suite started-at="2026-01-17T16:22:18 GMT+02:00" name="Cab Service QA Suite" finished-at="2026-01-17T16:22:18 GMT+02:00" duration-ms="19">
    <groups>
    </groups>
    <test started-at="2026-01-17T16:22:18 GMT+02:00" name="Smoke Tests" finished-at="2026-01-17T16:22:18 GMT+02:00" duration-ms="19">
      <class name="SampleTest">
        <test-method signature="sampleAutomationTest()[pri:0, instance:SampleTest@6dbb137d]" started-at="2026-01-17T16:22:18 GMT+02:00" name="sampleAutomationTest" finished-at="2026-01-17T16:22:18 GMT+02:00" duration-ms="0" status="PASS">
          <reporter-output>
          </reporter-output>
        </test-method> <!-- sampleAutomationTest -->
      </class> <!-- SampleTest -->
    </test> <!-- Smoke Tests -->
  </suite> <!-- Cab Service QA Suite -->
</testng-results>
